<?xml version="1.0" encoding="UTF-8"?>
<!-- Generated by org.testng.reporters.JUnitReportReporter -->
<testsuite hostname="Narendra-PC" name="driverFactory.AppTest" tests="1" failures="0" timestamp="3 Feb 2020 07:57:56 GMT" time="84.188" errors="0">
  <testcase name="startTest" time="84.188" classname="driverFactory.AppTest"/>
</testsuite> <!-- driverFactory.AppTest -->
